# JRE version: OpenJDK Runtime Environment (17.0.7) (build 17.0.7+0-b2043.56-10550314)
# Java VM: OpenJDK 64-Bit Server VM (17.0.7+0-b2043.56-10550314, mixed mode, tiered, compressed oops, compressed class ptrs, g1 gc, windows-amd64)
GC Precious Log:
 CPUs: 4 total, 4 available
 Memory: 3522M
 Large Page Support: Disabled
 NUMA Support: Disabled
 Compressed Oops: Enabled (Zero based)
 Heap Region Size: 2M
 Heap Min Capacity: 8M
 Heap Initial Capacity: 56M
 Heap Max Capacity: 4G
 Pre-touch: Disabled
 Parallel Workers: 4
 Concurrent Workers: 1
 Concurrent Refinement Workers: 4
 Periodic GC: Disabled
Heap:
 garbage-first heap   total 817152K, used 534168K [0x0000000700000000, 0x0000000800000000)
  region size 2048K, 155 young (317440K), 20 survivors (40960K)
 Metaspace       used 169282K, committed 170368K, reserved 1245184K
  class space    used 21620K, committed 22144K, reserved 1048576K
GC Heap History (20 events):
Event: 350.002 GC heap before
{Heap before GC invocations=69 (full 0):
 garbage-first heap   total 817152K, used 706880K [0x0000000700000000, 0x0000000800000000)
  region size 2048K, 239 young (489472K), 3 survivors (6144K)
 Metaspace       used 168577K, committed 169728K, reserved 1245184K
  class space    used 21528K, committed 22080K, reserved 1048576K
}
Event: 350.014 GC heap after
{Heap after GC invocations=70 (full 0):
 garbage-first heap   total 817152K, used 225992K [0x0000000700000000, 0x0000000800000000)
  region size 2048K, 4 young (8192K), 4 survivors (8192K)
 Metaspace       used 168577K, committed 169728K, reserved 1245184K
  class space    used 21528K, committed 22080K, reserved 1048576K
}
Event: 352.285 GC heap before
{Heap before GC invocations=70 (full 0):
 garbage-first heap   total 817152K, used 707272K [0x0000000700000000, 0x0000000800000000)
  region size 2048K, 239 young (489472K), 4 survivors (8192K)
 Metaspace       used 168610K, committed 169792K, reserved 1245184K
  class space    used 21529K, committed 22080K, reserved 1048576K
}
Event: 352.295 GC heap after
{Heap after GC invocations=71 (full 0):
 garbage-first heap   total 817152K, used 224396K [0x0000000700000000, 0x0000000800000000)
  region size 2048K, 3 young (6144K), 3 survivors (6144K)
 Metaspace       used 168610K, committed 169792K, reserved 1245184K
  class space    used 21529K, committed 22080K, reserved 1048576K
}
Event: 354.745 GC heap before
{Heap before GC invocations=71 (full 0):
 garbage-first heap   total 817152K, used 707724K [0x0000000700000000, 0x0000000800000000)
  region size 2048K, 239 young (489472K), 3 survivors (6144K)
 Metaspace       used 168700K, committed 169856K, reserved 1245184K
  class space    used 21540K, committed 22080K, reserved 1048576K
}
Event: 354.757 GC heap after
{Heap after GC invocations=72 (full 0):
 garbage-first heap   total 817152K, used 225562K [0x0000000700000000, 0x0000000800000000)
  region size 2048K, 4 young (8192K), 4 survivors (8192K)
 Metaspace       used 168700K, committed 169856K, reserved 1245184K
  class space    used 21540K, committed 22080K, reserved 1048576K
}
Event: 357.489 GC heap before
{Heap before GC invocations=72 (full 0):
 garbage-first heap   total 817152K, used 706842K [0x0000000700000000, 0x0000000800000000)
  region size 2048K, 239 young (489472K), 4 survivors (8192K)
 Metaspace       used 169097K, committed 170240K, reserved 1245184K
  class space    used 21602K, committed 22144K, reserved 1048576K
}
Event: 357.514 GC heap after
{Heap after GC invocations=73 (full 0):
 garbage-first heap   total 817152K, used 233905K [0x0000000700000000, 0x0000000800000000)
  region size 2048K, 8 young (16384K), 8 survivors (16384K)
 Metaspace       used 169097K, committed 170240K, reserved 1245184K
  class space    used 21602K, committed 22144K, reserved 1048576K
}
Event: 359.957 GC heap before
{Heap before GC invocations=73 (full 0):
 garbage-first heap   total 817152K, used 698801K [0x0000000700000000, 0x0000000800000000)
  region size 2048K, 235 young (481280K), 8 survivors (16384K)
 Metaspace       used 169101K, committed 170240K, reserved 1245184K
  class space    used 21602K, committed 22144K, reserved 1048576K
}
Event: 359.971 GC heap after
{Heap after GC invocations=74 (full 0):
 garbage-first heap   total 817152K, used 228524K [0x0000000700000000, 0x0000000800000000)
  region size 2048K, 5 young (10240K), 5 survivors (10240K)
 Metaspace       used 169101K, committed 170240K, reserved 1245184K
  class space    used 21602K, committed 22144K, reserved 1048576K
}
Event: 362.577 GC heap before
{Heap before GC invocations=74 (full 0):
 garbage-first heap   total 817152K, used 705708K [0x0000000700000000, 0x0000000800000000)
  region size 2048K, 238 young (487424K), 5 survivors (10240K)
 Metaspace       used 169138K, committed 170240K, reserved 1245184K
  class space    used 21607K, committed 22144K, reserved 1048576K
}
Event: 362.589 GC heap after
{Heap after GC invocations=75 (full 0):
 garbage-first heap   total 817152K, used 223567K [0x0000000700000000, 0x0000000800000000)
  region size 2048K, 3 young (6144K), 3 survivors (6144K)
 Metaspace       used 169138K, committed 170240K, reserved 1245184K
  class space    used 21607K, committed 22144K, reserved 1048576K
}
Event: 365.580 GC heap before
{Heap before GC invocations=75 (full 0):
 garbage-first heap   total 817152K, used 706895K [0x0000000700000000, 0x0000000800000000)
  region size 2048K, 239 young (489472K), 3 survivors (6144K)
 Metaspace       used 169177K, committed 170304K, reserved 1245184K
  class space    used 21611K, committed 22144K, reserved 1048576K
}
Event: 365.614 GC heap after
{Heap after GC invocations=76 (full 0):
 garbage-first heap   total 817152K, used 240156K [0x0000000700000000, 0x0000000800000000)
  region size 2048K, 11 young (22528K), 11 survivors (22528K)
 Metaspace       used 169177K, committed 170304K, reserved 1245184K
  class space    used 21611K, committed 22144K, reserved 1048576K
}
Event: 367.863 GC heap before
{Heap before GC invocations=76 (full 0):
 garbage-first heap   total 817152K, used 690716K [0x0000000700000000, 0x0000000800000000)
  region size 2048K, 231 young (473088K), 11 survivors (22528K)
 Metaspace       used 169185K, committed 170304K, reserved 1245184K
  class space    used 21611K, committed 22144K, reserved 1048576K
}
Event: 367.881 GC heap after
{Heap after GC invocations=77 (full 0):
 garbage-first heap   total 817152K, used 235820K [0x0000000700000000, 0x0000000800000000)
  region size 2048K, 9 young (18432K), 9 survivors (18432K)
 Metaspace       used 169185K, committed 170304K, reserved 1245184K
  class space    used 21611K, committed 22144K, reserved 1048576K
}
Event: 370.729 GC heap before
{Heap before GC invocations=77 (full 0):
 garbage-first heap   total 817152K, used 704812K [0x0000000700000000, 0x0000000800000000)
  region size 2048K, 235 young (481280K), 9 survivors (18432K)
 Metaspace       used 169263K, committed 170368K, reserved 1245184K
  class space    used 21617K, committed 22144K, reserved 1048576K
}
Event: 370.738 GC heap after
{Heap after GC invocations=78 (full 0):
 garbage-first heap   total 817152K, used 223636K [0x0000000700000000, 0x0000000800000000)
  region size 2048K, 3 young (6144K), 3 survivors (6144K)
 Metaspace       used 169263K, committed 170368K, reserved 1245184K
  class space    used 21617K, committed 22144K, reserved 1048576K
}
Event: 374.998 GC heap before
{Heap before GC invocations=78 (full 0):
 garbage-first heap   total 817152K, used 702868K [0x0000000700000000, 0x0000000800000000)
  region size 2048K, 237 young (485376K), 3 survivors (6144K)
 Metaspace       used 169281K, committed 170368K, reserved 1245184K
  class space    used 21620K, committed 22144K, reserved 1048576K
}
Event: 375.151 GC heap after
{Heap after GC invocations=79 (full 0):
 garbage-first heap   total 817152K, used 259736K [0x0000000700000000, 0x0000000800000000)
  region size 2048K, 20 young (40960K), 20 survivors (40960K)
 Metaspace       used 169281K, committed 170368K, reserved 1245184K
  class space    used 21620K, committed 22144K, reserved 1048576K
}

